# JRE version: OpenJDK Runtime Environment (11.0.10) (build 11.0.10+0-b96-7249189)
# Java VM: OpenJDK 64-Bit Server VM (11.0.10+0-b96-7249189, mixed mode, tiered, compressed oops, g1 gc, windows-amd64)
Heap:
 garbage-first heap   total 262144K, used 161333K [0x0000000080000000, 0x0000000100000000)
  region size 1024K, 48 young (49152K), 2 survivors (2048K)
 Metaspace       used 119231K, capacity 122406K, committed 122708K, reserved 1157120K
  class space    used 14752K, capacity 15894K, committed 16000K, reserved 1048576K
GC Heap History (20 events):
Event: 10.946 GC heap before
{Heap before GC invocations=13 (full 0):
 garbage-first heap   total 262144K, used 189800K [0x0000000080000000, 0x0000000100000000)
  region size 1024K, 112 young (114688K), 17 survivors (17408K)
 Metaspace       used 98024K, capacity 100706K, committed 100820K, reserved 1136640K
  class space    used 12545K, capacity 13533K, committed 13568K, reserved 1048576K
}
Event: 10.960 GC heap after
{Heap after GC invocations=14 (full 0):
 garbage-first heap   total 262144K, used 100069K [0x0000000080000000, 0x0000000100000000)
  region size 1024K, 14 young (14336K), 14 survivors (14336K)
 Metaspace       used 98024K, capacity 100706K, committed 100820K, reserved 1136640K
  class space    used 12545K, capacity 13533K, committed 13568K, reserved 1048576K
}
Event: 300.050 GC heap before
{Heap before GC invocations=15 (full 0):
 garbage-first heap   total 262144K, used 206565K [0x0000000080000000, 0x0000000100000000)
  region size 1024K, 119 young (121856K), 14 survivors (14336K)
 Metaspace       used 106830K, capacity 109806K, committed 109908K, reserved 1144832K
  class space    used 13524K, capacity 14621K, committed 14720K, reserved 1048576K
}
Event: 300.061 GC heap after
{Heap after GC invocations=16 (full 0):
 garbage-first heap   total 262144K, used 107237K [0x0000000080000000, 0x0000000100000000)
  region size 1024K, 13 young (13312K), 13 survivors (13312K)
 Metaspace       used 106830K, capacity 109806K, committed 109908K, reserved 1144832K
  class space    used 13524K, capacity 14621K, committed 14720K, reserved 1048576K
}
Event: 301.240 GC heap before
{Heap before GC invocations=16 (full 0):
 garbage-first heap   total 262144K, used 212709K [0x0000000080000000, 0x0000000100000000)
  region size 1024K, 114 young (116736K), 13 survivors (13312K)
 Metaspace       used 109799K, capacity 112946K, committed 113108K, reserved 1146880K
  class space    used 13889K, capacity 15067K, committed 15104K, reserved 1048576K
}
Event: 301.255 GC heap after
{Heap after GC invocations=17 (full 0):
 garbage-first heap   total 262144K, used 127208K [0x0000000080000000, 0x0000000100000000)
  region size 1024K, 15 young (15360K), 15 survivors (15360K)
 Metaspace       used 109799K, capacity 112946K, committed 113108K, reserved 1146880K
  class space    used 13889K, capacity 15067K, committed 15104K, reserved 1048576K
}
Event: 301.315 GC heap before
{Heap before GC invocations=17 (full 0):
 garbage-first heap   total 262144K, used 137448K [0x0000000080000000, 0x0000000100000000)
  region size 1024K, 20 young (20480K), 15 survivors (15360K)
 Metaspace       used 109924K, capacity 113138K, committed 113364K, reserved 1146880K
  class space    used 13896K, capacity 15067K, committed 15104K, reserved 1048576K
}
Event: 301.336 GC heap after
{Heap after GC invocations=18 (full 0):
 garbage-first heap   total 262144K, used 133023K [0x0000000080000000, 0x0000000100000000)
  region size 1024K, 3 young (3072K), 3 survivors (3072K)
 Metaspace       used 109924K, capacity 113138K, committed 113364K, reserved 1146880K
  class space    used 13896K, capacity 15067K, committed 15104K, reserved 1048576K
}
Event: 302.316 GC heap before
{Heap before GC invocations=19 (full 0):
 garbage-first heap   total 262144K, used 181151K [0x0000000080000000, 0x0000000100000000)
  region size 1024K, 48 young (49152K), 3 survivors (3072K)
 Metaspace       used 109698K, capacity 112660K, committed 113364K, reserved 1146880K
  class space    used 13806K, capacity 14899K, committed 15104K, reserved 1048576K
}
Event: 302.320 GC heap after
{Heap after GC invocations=20 (full 0):
 garbage-first heap   total 262144K, used 132345K [0x0000000080000000, 0x0000000100000000)
  region size 1024K, 4 young (4096K), 4 survivors (4096K)
 Metaspace       used 109698K, capacity 112660K, committed 113364K, reserved 1146880K
  class space    used 13806K, capacity 14899K, committed 15104K, reserved 1048576K
}
Event: 302.728 GC heap before
{Heap before GC invocations=20 (full 0):
 garbage-first heap   total 262144K, used 171257K [0x0000000080000000, 0x0000000100000000)
  region size 1024K, 43 young (44032K), 4 survivors (4096K)
 Metaspace       used 109730K, capacity 112730K, committed 113364K, reserved 1146880K
  class space    used 13808K, capacity 14901K, committed 15104K, reserved 1048576K
}
Event: 302.733 GC heap after
{Heap after GC invocations=21 (full 0):
 garbage-first heap   total 262144K, used 136191K [0x0000000080000000, 0x0000000100000000)
  region size 1024K, 7 young (7168K), 7 survivors (7168K)
 Metaspace       used 109730K, capacity 112730K, committed 113364K, reserved 1146880K
  class space    used 13808K, capacity 14901K, committed 15104K, reserved 1048576K
}
Event: 304.004 GC heap before
{Heap before GC invocations=22 (full 0):
 garbage-first heap   total 262144K, used 203775K [0x0000000080000000, 0x0000000100000000)
  region size 1024K, 59 young (60416K), 7 survivors (7168K)
 Metaspace       used 113362K, capacity 116364K, committed 116948K, reserved 1150976K
  class space    used 14080K, capacity 15174K, committed 15360K, reserved 1048576K
}
Event: 304.012 GC heap after
{Heap after GC invocations=23 (full 0):
 garbage-first heap   total 262144K, used 143089K [0x0000000080000000, 0x0000000100000000)
  region size 1024K, 8 young (8192K), 8 survivors (8192K)
 Metaspace       used 113362K, capacity 116364K, committed 116948K, reserved 1150976K
  class space    used 14080K, capacity 15174K, committed 15360K, reserved 1048576K
}
Event: 304.304 GC heap before
{Heap before GC invocations=23 (full 0):
 garbage-first heap   total 262144K, used 194289K [0x0000000080000000, 0x0000000100000000)
  region size 1024K, 59 young (60416K), 8 survivors (8192K)
 Metaspace       used 114204K, capacity 117203K, committed 117844K, reserved 1150976K
  class space    used 14137K, capacity 15239K, committed 15488K, reserved 1048576K
}
Event: 304.308 GC heap after
{Heap after GC invocations=24 (full 0):
 garbage-first heap   total 262144K, used 143448K [0x0000000080000000, 0x0000000100000000)
  region size 1024K, 2 young (2048K), 2 survivors (2048K)
 Metaspace       used 114204K, capacity 117203K, committed 117844K, reserved 1150976K
  class space    used 14137K, capacity 15239K, committed 15488K, reserved 1048576K
}
Event: 305.456 GC heap before
{Heap before GC invocations=25 (full 0):
 garbage-first heap   total 262144K, used 182360K [0x0000000080000000, 0x0000000100000000)
  region size 1024K, 56 young (57344K), 2 survivors (2048K)
 Metaspace       used 117138K, capacity 120101K, committed 120660K, reserved 1155072K
  class space    used 14522K, capacity 15605K, committed 15744K, reserved 1048576K
}
Event: 305.458 GC heap after
{Heap after GC invocations=26 (full 0):
 garbage-first heap   total 262144K, used 127752K [0x0000000080000000, 0x0000000100000000)
  region size 1024K, 2 young (2048K), 2 survivors (2048K)
 Metaspace       used 117138K, capacity 120101K, committed 120660K, reserved 1155072K
  class space    used 14522K, capacity 15605K, committed 15744K, reserved 1048576K
}
Event: 305.558 GC heap before
{Heap before GC invocations=26 (full 0):
 garbage-first heap   total 262144K, used 136968K [0x0000000080000000, 0x0000000100000000)
  region size 1024K, 12 young (12288K), 2 survivors (2048K)
 Metaspace       used 117858K, capacity 120901K, committed 121556K, reserved 1155072K
  class space    used 14605K, capacity 15701K, committed 15872K, reserved 1048576K
}
Event: 305.560 GC heap after
{Heap after GC invocations=27 (full 0):
 garbage-first heap   total 262144K, used 116277K [0x0000000080000000, 0x0000000100000000)
  region size 1024K, 2 young (2048K), 2 survivors (2048K)
 Metaspace       used 117858K, capacity 120901K, committed 121556K, reserved 1155072K
  class space    used 14605K, capacity 15701K, committed 15872K, reserved 1048576K
}

